c:\users\razva\source\repos\lab8-9\lab8-9\x64\debug\vc143.pdb
c:\users\razva\source\repos\lab8-9\lab8-9\x64\debug\vc143.idb
c:\users\razva\source\repos\lab8-9\lab8-9\x64\debug\validator.obj
c:\users\razva\source\repos\lab8-9\lab8-9\x64\debug\teste.obj
c:\users\razva\source\repos\lab8-9\lab8-9\x64\debug\service.obj
c:\users\razva\source\repos\lab8-9\lab8-9\x64\debug\repo.obj
c:\users\razva\source\repos\lab8-9\lab8-9\x64\debug\main.obj
c:\users\razva\source\repos\lab8-9\lab8-9\x64\debug\film.obj
c:\users\razva\source\repos\lab8-9\lab8-9\x64\debug\cosfilme.obj
c:\users\razva\source\repos\lab8-9\lab8-9\x64\debug\consola.obj
c:\users\razva\source\repos\lab8-9\lab8-9\x64\debug\filme.obj
c:\users\razva\source\repos\lab8-9\x64\debug\lab8-9.exe
c:\users\razva\source\repos\lab8-9\lab8-9\x64\debug\lab8-9.ilk
c:\users\razva\source\repos\lab8-9\x64\debug\lab8-9.pdb
c:\users\razva\source\repos\lab8-9\lab8-9\x64\debug\lab8-9.tlog\cl.command.1.tlog
c:\users\razva\source\repos\lab8-9\lab8-9\x64\debug\lab8-9.tlog\cl.read.1.tlog
c:\users\razva\source\repos\lab8-9\lab8-9\x64\debug\lab8-9.tlog\cl.write.1.tlog
c:\users\razva\source\repos\lab8-9\lab8-9\x64\debug\lab8-9.tlog\link.command.1.tlog
c:\users\razva\source\repos\lab8-9\lab8-9\x64\debug\lab8-9.tlog\link.read.1.tlog
c:\users\razva\source\repos\lab8-9\lab8-9\x64\debug\lab8-9.tlog\link.write.1.tlog
