[2023-04-29 15:37:46] [info] Start Program:
Path:"C:\Users\razva\source\repos\Lab8-9\x64\Debug\Lab8-9.exe"
Arguments:
Working directory: "C:\Users\razva\source\repos\Lab8-9\Lab8-9\"
Modules: Selected: C:\Users\razva\source\repos\Lab8-9\x64\Debug\Lab8-9.exe Excluded: 
Sources: Selected: C:\Users\razva\source\repos\Lab8-9\Lab8-9 Excluded: consola.h consola.cpp main.cpp 
Log Level: Normal
Cover Children: 0
Aggregate by file: 1
Continue after C++ exception: 0
Optimized build support: 0
Export: Binary C:\Users\razva\AppData\Local\Temp\hxmitwdt.vqr 
Input coverage: 
Unified diff: 
Excluded line regular expressions: 
Substitute pdb source paths: 

[2023-04-29 15:37:47] [info] Module: C:\Users\razva\source\repos\Lab8-9\x64\Debug\Lab8-9.exe is selected because it matches selected pattern: C:\Users\razva\source\repos\Lab8-9\x64\Debug\Lab8-9.exe
[2023-04-29 15:37:48] [info] ----------------------------------------------------
[2023-04-29 15:37:48] [info] Coverage binary generated in file: C:\Users\razva\AppData\Local\Temp\hxmitwdt.vqr
[2023-04-29 15:37:48] [info] ----------------------------------------------------
